Log file open, 07/15/17 23:22:22
LogInit:Display: Running engine for game: Pinball
LogPlatformFile: Not using cached read wrapper
LogInit:Display: RandInit(-164920950) SRandInit(-164920950).
LogTaskGraph: Started task graph with 5 named threads and 8 total threads with 1 sets of task threads.
LogStats: Stats thread started at 0.097367
LogInit: Using libcurl 7.47.1
LogInit:  - built for x86_64-pc-win32
LogInit:  - supports SSL with OpenSSL/1.0.2g
LogInit:  - supports HTTP deflate (compression) using libz 1.2.8
LogInit:  - other features:
LogInit:      CURL_VERSION_SSL
LogInit:      CURL_VERSION_LIBZ
LogInit:      CURL_VERSION_IPV6
LogInit:      CURL_VERSION_ASYNCHDNS
LogInit:      CURL_VERSION_LARGEFILE
LogInit:      CURL_VERSION_IDN
LogInit:  CurlRequestOptions (configurable via config and command line):
LogInit:  - bVerifyPeer = false  - Libcurl will NOT verify peer certificate
LogInit:  - bUseHttpProxy = false  - Libcurl will NOT use HTTP proxy
LogInit:  - bDontReuseConnections = false  - Libcurl will reuse connections
LogInit:  - CertBundlePath = nullptr  - Libcurl will use whatever was configured at build time.
LogInit: Build: ++UE4+Release-4.15-CL-3450819
LogInit: Engine Version: 4.15.3-3450819+++UE4+Release-4.15
LogInit: Compatible Engine Version: 4.15.0-3299760+++UE4+Release-4.15
LogInit: Net CL: 3299760
LogDevObjectVersion: Number of dev versions registered: 14
LogDevObjectVersion:   Dev-Blueprints (B0D832E4-1F89-4F0D-ACCF-7EB736FD4AA2): 8
LogDevObjectVersion:   Dev-Build (E1C64328-A22C-4D53-A36C-8E866417BD8C): 0
LogDevObjectVersion:   Dev-Core (375EC13C-06E4-48FB-B500-84F0262A717E): 2
LogDevObjectVersion:   Dev-Editor (E4B068ED-F494-42E9-A231-DA0B2E46BB41): 14
LogDevObjectVersion:   Dev-Framework (CFFC743F-43B0-4480-9391-14DF171D2073): 22
LogDevObjectVersion:   Dev-Mobile (B02B49B5-BB20-44E9-A304-32B752E40360): 0
LogDevObjectVersion:   Dev-Networking (A4E4105C-59A1-49B5-A7C5-40C4547EDFEE): 0
LogDevObjectVersion:   Dev-Online (39C831C9-5AE6-47DC-9A44-9C173E1C8E7C): 0
LogDevObjectVersion:   Dev-Physics (78F01B33-EBEA-4F98-B9B4-84EACCB95AA2): 0
LogDevObjectVersion:   Dev-Platform (6631380F-2D4D-43E0-8009-CF276956A95A): 0
LogDevObjectVersion:   Dev-Rendering (12F88B9F-8875-4AFC-A67C-D90C383ABD29): 12
LogDevObjectVersion:   Dev-Sequencer (7B5AE74C-D270-4C10-A958-57980B212A5A): 3
LogDevObjectVersion:   Dev-VR (D7296918-1DD6-4BDD-9DE2-64A83CC13884): 0
LogDevObjectVersion:   Dev-LoadTimes (C2A15278-BFE7-4AFE-6C17-90FF531DF755): 1
LogInit: Compiled (64-bit): May 21 2017 11:02:34
LogInit: Compiled with Visual C++: 19.00.23026.00
LogInit: Build Configuration: Development
LogInit: Branch Name: ++UE4+Release-4.15
LogInit: Command line:  /Temp/Autosaves/Game/UEDPCtestmap -game -PIEVIACONSOLE -ResX=1280 -ResY=720  -Multiprocess -messaging -SessionName="Play in Standalone Game" -windowed 
LogInit: Base directory: C:/Program Files/Epic Games/UE_4.15/Engine/Binaries/Win64/
LogInit: Installed Engine Build: 1
LogInit: Presizing for max 8388607 objects, including 0 objects not considered by GC, pre-allocating 0 bytes for permanent pool.
LogInit: Object subsystem initialized
[2017.07.16-06.22.23:936][  0]LogInit: Selected Device Profile: [Windows]
[2017.07.16-06.22.23:936][  0]LogInit: Applying CVar settings loaded from the selected device profile: [Windows]
[2017.07.16-06.22.23:941][  0]LogInit: Computer: ULTIMATESKIBUM
[2017.07.16-06.22.23:941][  0]LogInit: User: Liam
[2017.07.16-06.22.23:941][  0]LogInit: CPU Page size=65536, Cores=4
[2017.07.16-06.22.23:941][  0]LogInit: High frequency timer resolution =3.906384 MHz
[2017.07.16-06.22.23:941][  0]LogMemory: Memory total: Physical=15.9GB (16GB approx)
[2017.07.16-06.22.23:941][  0]LogMemory: Platform Memory Stats for Windows
[2017.07.16-06.22.23:941][  0]LogMemory: Process Physical Memory: 264.66 MB used, 264.66 MB peak
[2017.07.16-06.22.23:941][  0]LogMemory: Process Virtual Memory: 262.68 MB used, 262.68 MB peak
[2017.07.16-06.22.23:941][  0]LogMemory: Physical Memory: 13310.38 MB used,  3020.63 MB free, 16331.00 MB total
[2017.07.16-06.22.23:941][  0]LogMemory: Virtual Memory: 645.26 MB used,  3020.63 MB free, 134217728.00 MB total
[2017.07.16-06.22.24:079][  0]LogTextLocalizationManager: No specific translations for ('en-US') exist, so ('en') translations will be used.
[2017.07.16-06.22.24:588][  0]LogD3D11RHI: D3D11 adapters:
[2017.07.16-06.22.25:133][  0]LogD3D11RHI:    0. 'NVIDIA GeForce GTX 770' (Feature Level 11_0)
[2017.07.16-06.22.25:133][  0]LogD3D11RHI:       4063/0/8165 MB DedicatedVideo/DedicatedSystem/SharedSystem, Outputs:1, VendorId:0x10de
[2017.07.16-06.22.25:135][  0]LogD3D11RHI:    1. 'Microsoft Basic Render Driver' (Feature Level 11_0)
[2017.07.16-06.22.25:135][  0]LogD3D11RHI:       0/0/8165 MB DedicatedVideo/DedicatedSystem/SharedSystem, Outputs:0, VendorId:0x1414
[2017.07.16-06.22.25:135][  0]LogD3D11RHI: Chosen D3D11 Adapter: 0
[2017.07.16-06.22.25:142][  0]LogD3D11RHI: Creating new Direct3DDevice
[2017.07.16-06.22.25:142][  0]LogD3D11RHI:     GPU DeviceId: 0x1184 (for the marketing name, search the web for "GPU Device Id")
[2017.07.16-06.22.25:142][  0]LogWindows: EnumDisplayDevices:
[2017.07.16-06.22.25:142][  0]LogWindows:    0. 'NVIDIA GeForce GTX 770' (P:1 D:1)
[2017.07.16-06.22.25:142][  0]LogWindows:    1. 'NVIDIA GeForce GTX 770' (P:0 D:0)
[2017.07.16-06.22.25:142][  0]LogWindows:    2. 'NVIDIA GeForce GTX 770' (P:0 D:0)
[2017.07.16-06.22.25:142][  0]LogWindows:    3. 'NVIDIA GeForce GTX 770' (P:0 D:0)
[2017.07.16-06.22.25:143][  0]LogWindows: DebugString: FoundDriverCount:4 
[2017.07.16-06.22.25:143][  0]LogD3D11RHI:     Adapter Name: NVIDIA GeForce GTX 770
[2017.07.16-06.22.25:143][  0]LogD3D11RHI:   Driver Version: 384.76 (internal:22.21.13.8476, unified:384.76)
[2017.07.16-06.22.25:143][  0]LogD3D11RHI:      Driver Date: 6-27-2017
[2017.07.16-06.22.25:143][  0]LogRHI: Texture pool is 1361 MB (70% of 1945 MB)
[2017.07.16-06.22.25:651][  0]LogD3D11RHI:Warning: Timestamp queries are currently disabled on this hardware due to instability. Realtime GPU stats will not be available. You can override this behaviour by setting r.NVIDIATimestampWorkaround to 0
[2017.07.16-06.22.25:652][  0]LogD3D11RHI: Async texture creation enabled
[2017.07.16-06.22.25:700][  0]LogD3D11RHI: GPU Timing Frequency: 1000.000000 (Debug: 2 2)
[2017.07.16-06.22.25:702][  0]LogShaderCompilers: Guid format shader working directory is -17 characters bigger than the processId version (../../../../../../Users/Liam/Documents/Unreal Projects/Pinball/Intermediate/Shaders/WorkingDirectory/7956/).
[2017.07.16-06.22.25:702][  0]LogShaderCompilers: Cleaned the shader compiler working directory 'C:/Users/Liam/AppData/Local/Temp/UnrealShaderWorkingDir/0BB5F3CB4E1A9849E3C573BD6CBA900A/'.
[2017.07.16-06.22.25:702][  0]LogShaderCompilers:Display: Using Local Shader Compiler.
[2017.07.16-06.22.27:311][  0]LogTemp:Display: Loaded TP WindowsClientTargetPlatform
[2017.07.16-06.22.27:412][  0]LogTemp:Display: Loaded TP WindowsNoEditorTargetPlatform
[2017.07.16-06.22.27:510][  0]LogTemp:Display: Loaded TP WindowsServerTargetPlatform
[2017.07.16-06.22.27:593][  0]LogTemp:Display: Loaded TP WindowsTargetPlatform
[2017.07.16-06.22.27:593][  0]LogTargetPlatformManager:Display: Building Assets For Windows
[2017.07.16-06.22.28:402][  0]LogDerivedDataCache:Display: Max Cache Size: 512 MB
[2017.07.16-06.22.28:486][  0]LogDerivedDataCache: Loaded boot cache 0.08s 51MB C:/Users/Liam/AppData/Local/UnrealEngine/4.15/DerivedDataCache/Boot.ddc.
[2017.07.16-06.22.28:486][  0]LogDerivedDataCache:Display: Loaded Boot cache: C:/Users/Liam/AppData/Local/UnrealEngine/4.15/DerivedDataCache/Boot.ddc
[2017.07.16-06.22.28:486][  0]LogDerivedDataCache: FDerivedDataBackendGraph:  Pak pak cache file ../../../../../../Users/Liam/Documents/Unreal Projects/Pinball/DerivedDataCache/DDC.ddp not found, will not use a pak cache.
[2017.07.16-06.22.28:486][  0]LogDerivedDataCache: Unable to find inner node Pak for hierarchical cache Hierarchy.
[2017.07.16-06.22.28:486][  0]LogDerivedDataCache: FDerivedDataBackendGraph:  CompressedPak pak cache file ../../../../../../Users/Liam/Documents/Unreal Projects/Pinball/DerivedDataCache/Compressed.ddp not found, will not use a pak cache.
[2017.07.16-06.22.28:486][  0]LogDerivedDataCache: Unable to find inner node CompressedPak for hierarchical cache Hierarchy.
[2017.07.16-06.22.28:512][  0]LogDerivedDataCache:Display: Pak cache opened for reading ../../../Engine/DerivedDataCache/Compressed.ddp.
[2017.07.16-06.22.28:524][  0]LogDerivedDataCache: Using Local data cache path C:/Users/Liam/AppData/Local/UnrealEngine/Common/DerivedDataCache: Writable
[2017.07.16-06.22.28:540][  0]LogSlate: Using Freetype 2.6.0
[2017.07.16-06.22.28:540][  0]LogSlate: SlateFontCache - WITH_FREETYPE: 1, WITH_HARFBUZZ: 1
[2017.07.16-06.22.28:540][  0]LogSlate: SlateFontCache - WITH_FREETYPE: 1, WITH_HARFBUZZ: 1
[2017.07.16-06.22.28:942][  0]LogAssetRegistry: FAssetRegistry took 0.0001 seconds to start up
[2017.07.16-06.22.28:950][  0]LogPackageLocalizationCache: Processed 4 localized package path(s) for 2 prioritized culture(s) in 0.007589 seconds
[2017.07.16-06.22.28:973][  0]LogInit: Selected Device Profile: [Windows]
[2017.07.16-06.22.28:975][  0]LogContentStreaming: Texture pool size is 1000.00 MB
[2017.07.16-06.22.29:288][  0]LogMeshUtilities: Using QuadricMeshReduction for automatic static mesh reduction
[2017.07.16-06.22.29:368][  0]LogSimplygon: Simplygon DLL not present - disabling.
[2017.07.16-06.22.29:457][  0]LogMeshUtilities: Using SimplygonSwarm for distributed automatic mesh merging
[2017.07.16-06.22.29:457][  0]LogMeshUtilities: No automatic skeletal mesh reduction module available
[2017.07.16-06.22.29:457][  0]LogMeshUtilities: No automatic mesh merging module available
[2017.07.16-06.22.30:172][  0]LogNetVersion: GetLocalNetworkVersion: CL: 3299760, ProjectName: pinball, ProjectVersion: , EngineNetworkVersion: 2, GameNetworkVersion: 0, NetworkChecksum: 58687311
[2017.07.16-06.22.30:287][  0]LogInit: WinSock: version 1.1 (2.2), MaxSocks=32767, MaxUdp=65467
[2017.07.16-06.22.31:706][  0]LogMoviePlayer: Initializing movie player
[2017.07.16-06.22.31:785][  0]LogWindowsTextInputMethodSystem:Display: IME system now deactivated.
[2017.07.16-06.22.32:221][  0]LogTcpMessaging: Initializing TcpMessaging bridge
[2017.07.16-06.22.32:284][  0]LogUdpMessaging: Initializing bridge on interface 0.0.0.0:0 to multicast group 230.0.0.1:6666.
[2017.07.16-06.22.32:753][  0]SourceControl: Info Source control is disabled
[2017.07.16-06.22.32:753][  0]SourceControl: Info Source control is disabled
[2017.07.16-06.22.32:833][  0]SourceControl: Info Source control is disabled
[2017.07.16-06.22.33:570][  0]LogHoudiniEngine: Starting the Houdini Engine module.
[2017.07.16-06.22.33:571][  0]LogHoudiniEngine: Loaded libHAPIL.dll from HFS environment path C:/PROGRA~1/SIDEEF~1/HOUDIN~1.557/bin
[2017.07.16-06.22.33:571][  0]LogLinker:Warning: Asset '../../../Engine/Plugins/Runtime/HoudiniEngine/Content/houdini_logo.uasset' has been saved with empty engine version. The asset will be loaded but may be incompatible.
[2017.07.16-06.22.33:573][  0]LogLinker:Warning: Asset '../../../Engine/Plugins/Runtime/HoudiniEngine/Content/houdini_default_material.uasset' has been saved with empty engine version. The asset will be loaded but may be incompatible.
[2017.07.16-06.22.33:576][  0]LogLinker:Warning: Asset '../../../Engine/Plugins/Runtime/HoudiniEngine/Content/houdini_bgeo_import.uasset' has been saved with empty engine version. The asset will be loaded but may be incompatible.
[2017.07.16-06.22.35:053][  0]LogHoudiniEngine: Successfully intialized the Houdini Engine API module.
[2017.07.16-06.22.35:580][  0]LogUObjectArray: 34578 objects as part of root set at end of initial load.
[2017.07.16-06.22.35:581][  0]LogUObjectAllocator: 7697216 out of 0 bytes used by permanent object pool.
[2017.07.16-06.22.35:581][  0]LogUObjectArray: CloseDisregardForGC: 0/0 objects in disregard for GC pool
[2017.07.16-06.22.35:803][  0]LogEngine: Initializing Engine...
[2017.07.16-06.22.35:804][  0]LogHMD: Failed to initialize OpenVR with code 110
[2017.07.16-06.22.35:935][  0]LogStats: UGameplayTagsManager::ConstructGameplayTagTree: Construct from data asset -  0.000 s
[2017.07.16-06.22.35:936][  0]LogStats: UGameplayTagsManager::ConstructGameplayTagTree: GameplayTagTreeChangedEvent.Broadcast -  0.000 s
[2017.07.16-06.22.35:968][  0]LogInit: XAudio2 using 'Speakers (Razer Surround Audio Controller)' : 8 channels at 48 kHz using 16 bits per sample (channel mask 0x63f)
[2017.07.16-06.22.35:980][  0]LogInit: FAudioDevice initialized.
[2017.07.16-06.22.36:002][  0]LogInit: Texture streaming: Enabled
[2017.07.16-06.22.36:019][  0]LogMaterial: Uniform references updated for custom material expression Custom.
[2017.07.16-06.22.36:577][  0]LogInit:Display: Game Engine Initialized.
[2017.07.16-06.22.36:917][  0]LogInit:Display: Starting Game.
[2017.07.16-06.22.36:917][  0]LogNet: Browse: /Temp/Autosaves/Game/UEDPCtestmap?Name=Player
[2017.07.16-06.22.36:917][  0]LogLoad: LoadMap: /Temp/Autosaves/Game/UEDPCtestmap?Name=Player
[2017.07.16-06.22.36:947][  0]LogMemory: Platform Memory Stats for Windows
[2017.07.16-06.22.36:947][  0]LogMemory: Process Physical Memory: 773.64 MB used, 799.08 MB peak
[2017.07.16-06.22.36:947][  0]LogMemory: Process Virtual Memory: 828.37 MB used, 828.38 MB peak
[2017.07.16-06.22.36:947][  0]LogMemory: Physical Memory: 13835.78 MB used,  2495.22 MB free, 16331.00 MB total
[2017.07.16-06.22.36:947][  0]LogMemory: Virtual Memory: 1721.52 MB used,  2495.22 MB free, 134217728.00 MB total
[2017.07.16-06.22.36:947][  0]LogMemory: 
[2017.07.16-06.22.36:947][  0]Allocator Stats for TBB: (not implemented)
[2017.07.16-06.22.39:865][  0]LogAIModule: Creating AISystem for world testmap
[2017.07.16-06.22.39:865][  0]LogLoad: Game class is 'GM_PinBall_C'
[2017.07.16-06.22.39:918][  0]LogWorld: Bringing World /Temp/Autosaves/Game/UEDPCtestmap.testmap up for play (max tick rate 0) at 2017.07.15-23.22.39
[2017.07.16-06.22.39:918][  0]LogWorld: Bringing up level for play took: 0.051420
[2017.07.16-06.22.39:930][  0]LogLoad: Took 3.012954 seconds to LoadMap(/Temp/Autosaves/Game/UEDPCtestmap)
[2017.07.16-06.22.40:246][  0]LogRenderer: Reallocating scene render targets to support 1280x720 NumSamples 1 (Frame:2).
[2017.07.16-06.22.40:246][  0]LogLoad: (Engine Initialization) Total time: 19.12 seconds
[2017.07.16-06.22.40:246][  0]LogLoad: (Engine Initialization) Total Blueprint compile time: 0.39 seconds
[2017.07.16-06.22.40:246][  0]LogExternalProfiler: Found external profiler: VSPerf
[2017.07.16-06.22.40:246][  0]LogExternalProfiler: Using external profiler: VSPerf
[2017.07.16-06.22.40:263][  0]LogOcInput: OculusInput pre-init called
[2017.07.16-06.22.40:274][  1]LogAudio:Warning: Detected orphaned looping sound 'victoryMusic_loop_01_01'.
[2017.07.16-06.25.10:203][288]LogWindowsTextInputMethodSystem:Display: IME system now deactivated.
[2017.07.16-06.25.10:206][288]LogEngine: All Windows Closed
[2017.07.16-06.25.10:206][288]LogWindows: FPlatformMisc::RequestExit(0)
[2017.07.16-06.25.10:206][289]LogMoviePlayer: Shutting down movie player
[2017.07.16-06.25.10:851][289]LogExit: Preparing to exit.
[2017.07.16-06.25.11:480][289]LogHoudiniEngine: HAPI Synchronous Deletion of  Started. HoudiniAsset = 0x0, 
[2017.07.16-06.25.11:480][289]LogExit: Game engine shut down
[2017.07.16-06.25.11:548][289]LogObj: Freed 0b from 0 cluster array pools.
[2017.07.16-06.25.11:548][289]LogExit: Object subsystem successfully closed.
[2017.07.16-06.25.11:566][289]LogD3D11RHI: Shutdown
[2017.07.16-06.25.11:566][289]LogD3D11RHI: CleanupD3DDevice
[2017.07.16-06.25.11:637][289]LogD3D11RHI: ~FD3D11DynamicRHI
[2017.07.16-06.25.11:649][289]LogModuleManager: Shutting down and abandoning module SequenceRecorderSections (266)
[2017.07.16-06.25.11:649][289]LogModuleManager: Shutting down and abandoning module SequenceRecorder (264)
[2017.07.16-06.25.11:649][289]LogModuleManager: Shutting down and abandoning module AutomationController (262)
[2017.07.16-06.25.11:649][289]LogModuleManager: Shutting down and abandoning module AutomationWorker (260)
[2017.07.16-06.25.11:649][289]LogModuleManager: Shutting down and abandoning module AIModule (258)
[2017.07.16-06.25.11:649][289]LogModuleManager: Shutting down and abandoning module GameplayDebugger (257)
[2017.07.16-06.25.11:649][289]LogModuleManager: Shutting down and abandoning module AITestSuite (255)
[2017.07.16-06.25.11:649][289]LogModuleManager: Shutting down and abandoning module WmfMediaFactory (252)
[2017.07.16-06.25.11:649][289]LogModuleManager: Shutting down and abandoning module MfMediaFactory (250)
[2017.07.16-06.25.11:649][289]LogModuleManager: Shutting down and abandoning module AvfMediaFactory (248)
[2017.07.16-06.25.11:649][289]LogModuleManager: Shutting down and abandoning module AndroidMediaFactory (246)
[2017.07.16-06.25.11:649][289]LogModuleManager: Shutting down and abandoning module Media (245)
[2017.07.16-06.25.11:649][289]LogModuleManager: Shutting down and abandoning module CharacterAI (242)
[2017.07.16-06.25.11:649][289]LogModuleManager: Shutting down and abandoning module SessionServices (240)
[2017.07.16-06.25.11:649][289]LogModuleManager: Shutting down and abandoning module MovieSceneCapture (238)
[2017.07.16-06.25.11:649][289]LogModuleManager: Shutting down and abandoning module GeometryCache (236)
[2017.07.16-06.25.11:649][289]LogModuleManager: Shutting down and abandoning module GeometryCacheEd (235)
[2017.07.16-06.25.11:649][289]LogModuleManager: Shutting down and abandoning module Niagara (232)
[2017.07.16-06.25.11:649][289]LogModuleManager: Shutting down and abandoning module StreamingPauseRendering (230)
[2017.07.16-06.25.11:649][289]LogModuleManager: Shutting down and abandoning module PortalServices (228)
[2017.07.16-06.25.11:649][289]LogModuleManager: Shutting down and abandoning module PortalRpc (226)
[2017.07.16-06.25.11:649][289]LogModuleManager: Shutting down and abandoning module MessagingRpc (224)
[2017.07.16-06.25.11:649][289]LogModuleManager: Shutting down and abandoning module ProfilerService (222)
[2017.07.16-06.25.11:880][289]LogModuleManager: Shutting down and abandoning module TaskGraph (220)
[2017.07.16-06.25.11:880][289]LogModuleManager: Shutting down and abandoning module SteamVRController (218)
[2017.07.16-06.25.11:880][289]LogModuleManager: Shutting down and abandoning module SteamVR (216)
[2017.07.16-06.25.11:880][289]LogModuleManager: Shutting down and abandoning module ProceduralMeshComponent (214)
[2017.07.16-06.25.11:880][289]LogModuleManager: Shutting down and abandoning module OculusLibrary (212)
[2017.07.16-06.25.11:880][289]LogModuleManager: Shutting down and abandoning module OculusInput (210)
[2017.07.16-06.25.11:880][289]LogModuleManager: Shutting down and abandoning module MobilePatchingUtils (208)
[2017.07.16-06.25.11:880][289]LogModuleManager: Shutting down and abandoning module HoudiniEngineRuntime (206)
[2017.07.16-06.25.11:880][289]LogHoudiniEngine: Shutting down the Houdini Engine module.
[2017.07.16-06.25.11:882][289]LogModuleManager: Shutting down and abandoning module CustomMeshComponent (204)
[2017.07.16-06.25.11:882][289]LogModuleManager: Shutting down and abandoning module CableComponent (202)
[2017.07.16-06.25.11:882][289]LogModuleManager: Shutting down and abandoning module ArchVisCharacter (200)
[2017.07.16-06.25.11:882][289]LogModuleManager: Shutting down and abandoning module HTML5Networking (196)
[2017.07.16-06.25.11:882][289]LogModuleManager: Shutting down and abandoning module VisualStudioSourceCodeAccess (194)
[2017.07.16-06.25.11:882][289]LogModuleManager: Shutting down and abandoning module DesktopPlatform (193)
[2017.07.16-06.25.11:882][289]LogModuleManager: Shutting down and abandoning module HotReload (191)
[2017.07.16-06.25.11:883][289]LogModuleManager: Shutting down and abandoning module DirectoryWatcher (190)
[2017.07.16-06.25.11:883][289]LogModuleManager: Shutting down and abandoning module UObjectPlugin (186)
[2017.07.16-06.25.11:883][289]LogModuleManager: Shutting down and abandoning module SubversionSourceControl (184)
[2017.07.16-06.25.11:883][289]LogModuleManager: Shutting down and abandoning module PerforceSourceControl (182)
[2017.07.16-06.25.11:883][289]LogModuleManager: Shutting down and abandoning module SourceControl (181)
[2017.07.16-06.25.11:883][289]LogModuleManager: Shutting down and abandoning module PhysXVehiclesEditor (178)
[2017.07.16-06.25.11:883][289]LogModuleManager: Shutting down and abandoning module PhysXVehicles (176)
[2017.07.16-06.25.11:883][289]LogModuleManager: Shutting down and abandoning module LocationServicesBPLibrary (174)
[2017.07.16-06.25.11:883][289]LogModuleManager: Shutting down and abandoning module UdpMessaging (172)
[2017.07.16-06.25.11:984][289]LogModuleManager: Shutting down and abandoning module TcpMessaging (170)
