Log file open, 07/14/17 00:58:32
LogInit:Display: Running engine for game: Pinball
LogPlatformFile: Not using cached read wrapper
LogInit:Display: RandInit(44304874) SRandInit(44304874).
LogTaskGraph: Started task graph with 5 named threads and 8 total threads with 1 sets of task threads.
LogStats: Stats thread started at 0.099376
LogInit: Using libcurl 7.47.1
LogInit:  - built for x86_64-pc-win32
LogInit:  - supports SSL with OpenSSL/1.0.2g
LogInit:  - supports HTTP deflate (compression) using libz 1.2.8
LogInit:  - other features:
LogInit:      CURL_VERSION_SSL
LogInit:      CURL_VERSION_LIBZ
LogInit:      CURL_VERSION_IPV6
LogInit:      CURL_VERSION_ASYNCHDNS
LogInit:      CURL_VERSION_LARGEFILE
LogInit:      CURL_VERSION_IDN
LogInit:  CurlRequestOptions (configurable via config and command line):
LogInit:  - bVerifyPeer = false  - Libcurl will NOT verify peer certificate
LogInit:  - bUseHttpProxy = false  - Libcurl will NOT use HTTP proxy
LogInit:  - bDontReuseConnections = false  - Libcurl will reuse connections
LogInit:  - CertBundlePath = nullptr  - Libcurl will use whatever was configured at build time.
LogInit: Build: ++UE4+Release-4.15-CL-3450819
LogInit: Engine Version: 4.15.3-3450819+++UE4+Release-4.15
LogInit: Compatible Engine Version: 4.15.0-3299760+++UE4+Release-4.15
LogInit: Net CL: 3299760
LogDevObjectVersion: Number of dev versions registered: 14
LogDevObjectVersion:   Dev-Blueprints (B0D832E4-1F89-4F0D-ACCF-7EB736FD4AA2): 8
LogDevObjectVersion:   Dev-Build (E1C64328-A22C-4D53-A36C-8E866417BD8C): 0
LogDevObjectVersion:   Dev-Core (375EC13C-06E4-48FB-B500-84F0262A717E): 2
LogDevObjectVersion:   Dev-Editor (E4B068ED-F494-42E9-A231-DA0B2E46BB41): 14
LogDevObjectVersion:   Dev-Framework (CFFC743F-43B0-4480-9391-14DF171D2073): 22
LogDevObjectVersion:   Dev-Mobile (B02B49B5-BB20-44E9-A304-32B752E40360): 0
LogDevObjectVersion:   Dev-Networking (A4E4105C-59A1-49B5-A7C5-40C4547EDFEE): 0
LogDevObjectVersion:   Dev-Online (39C831C9-5AE6-47DC-9A44-9C173E1C8E7C): 0
LogDevObjectVersion:   Dev-Physics (78F01B33-EBEA-4F98-B9B4-84EACCB95AA2): 0
LogDevObjectVersion:   Dev-Platform (6631380F-2D4D-43E0-8009-CF276956A95A): 0
LogDevObjectVersion:   Dev-Rendering (12F88B9F-8875-4AFC-A67C-D90C383ABD29): 12
LogDevObjectVersion:   Dev-Sequencer (7B5AE74C-D270-4C10-A958-57980B212A5A): 3
LogDevObjectVersion:   Dev-VR (D7296918-1DD6-4BDD-9DE2-64A83CC13884): 0
LogDevObjectVersion:   Dev-LoadTimes (C2A15278-BFE7-4AFE-6C17-90FF531DF755): 1
LogInit: Compiled (64-bit): May 21 2017 11:02:34
LogInit: Compiled with Visual C++: 19.00.23026.00
LogInit: Build Configuration: Development
LogInit: Branch Name: ++UE4+Release-4.15
LogInit: Command line: -EpicPortal 
LogInit: Base directory: C:/Program Files/Epic Games/UE_4.15/Engine/Binaries/Win64/
LogInit: Installed Engine Build: 1
LogInit: Presizing for max 8388607 objects, including 0 objects not considered by GC, pre-allocating 0 bytes for permanent pool.
LogInit: Object subsystem initialized
[2017.07.14-07.58.33:812][  0]LogInit: Selected Device Profile: [Windows]
[2017.07.14-07.58.33:812][  0]LogInit: Applying CVar settings loaded from the selected device profile: [Windows]
[2017.07.14-07.58.33:867][  0]LogInit: Computer: ULTIMATESKIBUM
[2017.07.14-07.58.33:867][  0]LogInit: User: Liam
[2017.07.14-07.58.33:867][  0]LogInit: CPU Page size=65536, Cores=4
[2017.07.14-07.58.33:867][  0]LogInit: High frequency timer resolution =3.906384 MHz
[2017.07.14-07.58.33:867][  0]LogMemory: Memory total: Physical=15.9GB (16GB approx)
[2017.07.14-07.58.33:867][  0]LogMemory: Platform Memory Stats for Windows
[2017.07.14-07.58.33:867][  0]LogMemory: Process Physical Memory: 263.61 MB used, 263.61 MB peak
[2017.07.14-07.58.33:867][  0]LogMemory: Process Virtual Memory: 262.79 MB used, 262.79 MB peak
[2017.07.14-07.58.33:867][  0]LogMemory: Physical Memory: 7441.96 MB used,  8889.04 MB free, 16331.00 MB total
[2017.07.14-07.58.33:867][  0]LogMemory: Virtual Memory: 645.26 MB used,  8889.04 MB free, 134217728.00 MB total
[2017.07.14-07.58.33:990][  0]LogTextLocalizationManager: No specific translations for ('en-US') exist, so ('en') translations will be used.
[2017.07.14-07.58.34:745][  0]LogD3D11RHI: D3D11 adapters:
[2017.07.14-07.58.35:274][  0]LogD3D11RHI:    0. 'NVIDIA GeForce GTX 770' (Feature Level 11_0)
[2017.07.14-07.58.35:274][  0]LogD3D11RHI:       4063/0/8165 MB DedicatedVideo/DedicatedSystem/SharedSystem, Outputs:1, VendorId:0x10de
[2017.07.14-07.58.35:276][  0]LogD3D11RHI:    1. 'Microsoft Basic Render Driver' (Feature Level 11_0)
[2017.07.14-07.58.35:276][  0]LogD3D11RHI:       0/0/8165 MB DedicatedVideo/DedicatedSystem/SharedSystem, Outputs:0, VendorId:0x1414
[2017.07.14-07.58.35:276][  0]LogD3D11RHI: Chosen D3D11 Adapter: 0
[2017.07.14-07.58.35:282][  0]LogD3D11RHI: Creating new Direct3DDevice
[2017.07.14-07.58.35:282][  0]LogD3D11RHI:     GPU DeviceId: 0x1184 (for the marketing name, search the web for "GPU Device Id")
[2017.07.14-07.58.35:282][  0]LogWindows: EnumDisplayDevices:
[2017.07.14-07.58.35:282][  0]LogWindows:    0. 'NVIDIA GeForce GTX 770' (P:1 D:1)
[2017.07.14-07.58.35:282][  0]LogWindows:    1. 'NVIDIA GeForce GTX 770' (P:0 D:0)
[2017.07.14-07.58.35:283][  0]LogWindows:    2. 'NVIDIA GeForce GTX 770' (P:0 D:0)
[2017.07.14-07.58.35:283][  0]LogWindows:    3. 'NVIDIA GeForce GTX 770' (P:0 D:0)
[2017.07.14-07.58.35:283][  0]LogWindows: DebugString: FoundDriverCount:4 
[2017.07.14-07.58.35:283][  0]LogD3D11RHI:     Adapter Name: NVIDIA GeForce GTX 770
[2017.07.14-07.58.35:283][  0]LogD3D11RHI:   Driver Version: 384.76 (internal:22.21.13.8476, unified:384.76)
[2017.07.14-07.58.35:283][  0]LogD3D11RHI:      Driver Date: 6-27-2017
[2017.07.14-07.58.35:283][  0]LogRHI: Texture pool is 1361 MB (70% of 1945 MB)
[2017.07.14-07.58.35:783][  0]LogD3D11RHI:Warning: Timestamp queries are currently disabled on this hardware due to instability. Realtime GPU stats will not be available. You can override this behaviour by setting r.NVIDIATimestampWorkaround to 0
[2017.07.14-07.58.35:784][  0]LogD3D11RHI: Async texture creation enabled
[2017.07.14-07.58.35:820][  0]LogD3D11RHI: GPU Timing Frequency: 1000.000000 (Debug: 2 1)
[2017.07.14-07.58.35:822][  0]LogShaderCompilers: Guid format shader working directory is -17 characters bigger than the processId version (../../../../../../Users/Liam/Documents/Unreal Projects/Pinball/Intermediate/Shaders/WorkingDirectory/8764/).
[2017.07.14-07.58.35:822][  0]LogShaderCompilers: Cleaned the shader compiler working directory 'C:/Users/Liam/AppData/Local/Temp/UnrealShaderWorkingDir/65BBD0144C87A35FAF7D3DA0F2CAF5A6/'.
[2017.07.14-07.58.35:822][  0]LogShaderCompilers:Display: Using Local Shader Compiler.
[2017.07.14-07.58.37:332][  0]LogTemp:Display: Loaded TP AllDesktopTargetPlatform
[2017.07.14-07.58.37:420][  0]LogTemp:Display: Loaded TP MacClientTargetPlatform
[2017.07.14-07.58.37:509][  0]LogTemp:Display: Loaded TP MacNoEditorTargetPlatform
[2017.07.14-07.58.37:599][  0]LogTemp:Display: Loaded TP MacServerTargetPlatform
[2017.07.14-07.58.37:695][  0]LogTemp:Display: Loaded TP MacTargetPlatform
[2017.07.14-07.58.37:784][  0]LogTemp:Display: Loaded TP WindowsClientTargetPlatform
[2017.07.14-07.58.37:872][  0]LogTemp:Display: Loaded TP WindowsNoEditorTargetPlatform
[2017.07.14-07.58.37:961][  0]LogTemp:Display: Loaded TP WindowsServerTargetPlatform
[2017.07.14-07.58.38:036][  0]LogTemp:Display: Loaded TP WindowsTargetPlatform
[2017.07.14-07.58.38:123][  0]LogTemp:Display: Loaded TP AndroidTargetPlatform
[2017.07.14-07.58.38:210][  0]LogTemp:Display: Loaded TP Android_ASTCTargetPlatform
[2017.07.14-07.58.38:298][  0]LogTemp:Display: Loaded TP Android_ATCTargetPlatform
[2017.07.14-07.58.38:386][  0]LogTemp:Display: Loaded TP Android_DXTTargetPlatform
[2017.07.14-07.58.38:473][  0]LogTemp:Display: Loaded TP Android_ETC1TargetPlatform
[2017.07.14-07.58.38:560][  0]LogTemp:Display: Loaded TP Android_ETC2TargetPlatform
[2017.07.14-07.58.38:739][  0]LogTemp:Display: Loaded TP Android_MultiTargetPlatform
[2017.07.14-07.58.38:739][  0]LogTemp:Display: Loaded TP Android_PVRTCTargetPlatform
[2017.07.14-07.58.38:805][  0]LogTemp:Display: Loaded TP HTML5TargetPlatform
[2017.07.14-07.58.38:952][  0]LogTemp:Display: Loaded TP IOSTargetPlatform
[2017.07.14-07.58.39:009][  0]LogTemp:Display: Loaded TP TVOSTargetPlatform
[2017.07.14-07.58.39:096][  0]LogTemp:Display: Loaded TP LinuxClientTargetPlatform
[2017.07.14-07.58.39:184][  0]LogTemp:Display: Loaded TP LinuxNoEditorTargetPlatform
[2017.07.14-07.58.39:271][  0]LogTemp:Display: Loaded TP LinuxServerTargetPlatform
[2017.07.14-07.58.39:360][  0]LogTemp:Display: Loaded TP LinuxTargetPlatform
[2017.07.14-07.58.39:361][  0]LogTargetPlatformManager:Display: Building Assets For Windows
[2017.07.14-07.58.40:115][  0]LogDerivedDataCache:Display: Max Cache Size: 512 MB
[2017.07.14-07.58.40:195][  0]LogDerivedDataCache: Loaded boot cache 0.08s 51MB C:/Users/Liam/AppData/Local/UnrealEngine/4.15/DerivedDataCache/Boot.ddc.
[2017.07.14-07.58.40:195][  0]LogDerivedDataCache:Display: Loaded Boot cache: C:/Users/Liam/AppData/Local/UnrealEngine/4.15/DerivedDataCache/Boot.ddc
[2017.07.14-07.58.40:195][  0]LogDerivedDataCache: FDerivedDataBackendGraph:  Pak pak cache file ../../../../../../Users/Liam/Documents/Unreal Projects/Pinball/DerivedDataCache/DDC.ddp not found, will not use a pak cache.
[2017.07.14-07.58.40:195][  0]LogDerivedDataCache: Unable to find inner node Pak for hierarchical cache Hierarchy.
[2017.07.14-07.58.40:195][  0]LogDerivedDataCache: FDerivedDataBackendGraph:  CompressedPak pak cache file ../../../../../../Users/Liam/Documents/Unreal Projects/Pinball/DerivedDataCache/Compressed.ddp not found, will not use a pak cache.
[2017.07.14-07.58.40:195][  0]LogDerivedDataCache: Unable to find inner node CompressedPak for hierarchical cache Hierarchy.
[2017.07.14-07.58.40:223][  0]LogDerivedDataCache:Display: Pak cache opened for reading ../../../Engine/DerivedDataCache/Compressed.ddp.
[2017.07.14-07.58.40:235][  0]LogDerivedDataCache: Using Local data cache path C:/Users/Liam/AppData/Local/UnrealEngine/Common/DerivedDataCache: Writable
[2017.07.14-07.58.40:250][  0]LogSlate: Using Freetype 2.6.0
[2017.07.14-07.58.40:250][  0]LogSlate: SlateFontCache - WITH_FREETYPE: 1, WITH_HARFBUZZ: 1
[2017.07.14-07.58.40:250][  0]LogSlate: SlateFontCache - WITH_FREETYPE: 1, WITH_HARFBUZZ: 1
[2017.07.14-07.58.40:637][  0]LogInit: Selected Device Profile: [Windows]
[2017.07.14-07.58.40:641][  0]LogContentStreaming: Texture pool size is 0.00 MB
[2017.07.14-07.58.40:943][  0]LogMeshUtilities: Using QuadricMeshReduction for automatic static mesh reduction
[2017.07.14-07.58.41:015][  0]LogSimplygon: Simplygon DLL not present - disabling.
[2017.07.14-07.58.41:094][  0]LogMeshUtilities: Using SimplygonSwarm for distributed automatic mesh merging
[2017.07.14-07.58.41:094][  0]LogMeshUtilities: No automatic skeletal mesh reduction module available
[2017.07.14-07.58.41:094][  0]LogMeshUtilities: No automatic mesh merging module available
[2017.07.14-07.58.41:853][  0]LogNetVersion: GetLocalNetworkVersion: CL: 3299760, ProjectName: pinball, ProjectVersion: , EngineNetworkVersion: 2, GameNetworkVersion: 0, NetworkChecksum: 58687311
[2017.07.14-07.58.41:914][  0]LogAssetRegistry: FAssetRegistry took 0.0213 seconds to start up
[2017.07.14-07.58.42:107][  0]LogPackageLocalizationCache: Processed 4 localized package path(s) for 2 prioritized culture(s) in 0.146136 seconds
[2017.07.14-07.58.42:113][  0]LogUObjectArray: 32493 objects as part of root set at end of initial load.
[2017.07.14-07.58.42:113][  0]LogUObjectAllocator: 7077032 out of 0 bytes used by permanent object pool.
[2017.07.14-07.58.42:113][  0]LogUObjectArray: CloseDisregardForGC: 0/0 objects in disregard for GC pool
[2017.07.14-07.58.42:229][  0]LogInit: WinSock: version 1.1 (2.2), MaxSocks=32767, MaxUdp=65467
[2017.07.14-07.58.44:651][  0]LogTcpMessaging: Initializing TcpMessaging bridge
[2017.07.14-07.58.44:713][  0]LogUdpMessaging: Initializing bridge on interface 0.0.0.0:0 to multicast group 230.0.0.1:6666.
[2017.07.14-07.58.45:433][  0]LogMaterial: Uniform references updated for custom material expression Custom.
[2017.07.14-07.58.46:033][  0]SourceControl: Info Source control is disabled
[2017.07.14-07.58.46:034][  0]SourceControl: Info Source control is disabled
[2017.07.14-07.58.46:112][  0]SourceControl: Info Source control is disabled
[2017.07.14-07.58.46:190][  0]SourceControl: Info Source control is disabled
[2017.07.14-07.58.46:704][  0]LogLinker:Warning: Can't find file '/Game/ThirdPersonBP/ThirdPersonOverview'
[2017.07.14-07.58.46:704][  0]LogLinker:Warning: Can't find file '/Game/ThirdPersonBP/ThirdPersonOverview'
[2017.07.14-07.58.46:704][  0]LogUObjectGlobals:Warning: Failed to find object 'Class /Game/ThirdPersonBP/ThirdPersonOverview.ThirdPersonOverview_C'
[2017.07.14-07.58.47:643][  0]LogHoudiniEngine: Starting the Houdini Engine module.
[2017.07.14-07.58.47:643][  0]LogHoudiniEngine: Loaded libHAPIL.dll from HFS environment path C:/PROGRA~1/SIDEEF~1/HOUDIN~1.557/bin
[2017.07.14-07.58.47:644][  0]LogLinker:Warning: Asset '../../../Engine/Plugins/Runtime/HoudiniEngine/Content/houdini_logo.uasset' has been saved with empty engine version. The asset will be loaded but may be incompatible.
[2017.07.14-07.58.47:646][  0]LogLinker:Warning: Asset '../../../Engine/Plugins/Runtime/HoudiniEngine/Content/houdini_default_material.uasset' has been saved with empty engine version. The asset will be loaded but may be incompatible.
[2017.07.14-07.58.47:650][  0]LogLinker:Warning: Asset '../../../Engine/Plugins/Runtime/HoudiniEngine/Content/houdini_bgeo_import.uasset' has been saved with empty engine version. The asset will be loaded but may be incompatible.
[2017.07.14-07.58.48:767][  0]LogHoudiniEngine: Successfully intialized the Houdini Engine API module.
[2017.07.14-07.58.49:560][  0]LogEngine: Initializing Engine...
[2017.07.14-07.58.49:560][  0]LogHMD: Failed to initialize OpenVR with code 110
[2017.07.14-07.58.49:692][  0]LogStats: UGameplayTagsManager::ConstructGameplayTagTree: Construct from data asset -  0.000 s
[2017.07.14-07.58.49:692][  0]LogStats: UGameplayTagsManager::ConstructGameplayTagTree: GameplayTagTreeChangedEvent.Broadcast -  0.000 s
[2017.07.14-07.58.49:902][  0]LogAIModule: Creating AISystem for world Untitled
[2017.07.14-07.58.49:935][  0]LogInit: XAudio2 using 'Speakers (Razer Surround Audio Controller)' : 8 channels at 48 kHz using 16 bits per sample (channel mask 0x63f)
[2017.07.14-07.58.49:949][  0]LogInit: FAudioDevice initialized.
[2017.07.14-07.58.49:994][  0]LogDerivedDataCache: Saved boot cache 0.04s 51MB C:/Users/Liam/AppData/Local/UnrealEngine/4.15/DerivedDataCache/Boot.ddc.
[2017.07.14-07.58.50:008][  0]LogInit: Texture streaming: Enabled
[2017.07.14-07.58.50:176][  0]LogEngineSessionManager: EngineSessionManager initialized
[2017.07.14-07.58.50:336][  0]LogInit: Transaction tracking system initialized
[2017.07.14-07.58.50:963][  0]BlueprintLog: New page: Editor Load
[2017.07.14-07.58.52:535][  0]LocalizationService: Info Localization service is disabled
[2017.07.14-07.58.53:692][  0]LogConsoleResponse:Display: 
[2017.07.14-07.58.53:897][  0]LogCook:Display: Max memory allowance for cook 16384mb min free memory 0mb
[2017.07.14-07.58.53:897][  0]LogCook:Display: Mobile HDR setting 1
[2017.07.14-07.58.54:740][  0]LogFileCache: Scanning file cache for directory 'C:/Users/Liam/Documents/Unreal Projects/Pinball/Content/' took 0.02s
[2017.07.14-07.58.55:133][  0]LogHoudiniEngineEditor: Starting the Houdini Engine Editor module.
[2017.07.14-07.58.55:827][  0]SourceControl: Info Source control is disabled
[2017.07.14-07.58.55:827][  0]Cmd: MAP LOAD FILE="../../../../../../Users/Liam/Documents/Unreal Projects/Pinball/Content/testmap.umap" TEMPLATE=0 SHOWPROGRESS=1 FEATURELEVEL=3
[2017.07.14-07.58.55:849][  0]LightingResults: New page: Lighting Build
[2017.07.14-07.58.55:921][  0]MapCheck: New page: Map Check
[2017.07.14-07.58.55:921][  0]LightingResults: New page: Lighting Build
[2017.07.14-07.59.02:407][  0]LogSpawn:Warning: UWorld::DestroyActor: World has no context! World: testmap, Actor: /Game/testmap.testmap:PersistentLevel.DESTROYED_BP_DropTarget_C_CHILDACTOR_3971
[2017.07.14-07.59.02:408][  0]LogSpawn:Warning: UWorld::DestroyActor: World has no context! World: testmap, Actor: /Game/testmap.testmap:PersistentLevel.DESTROYED_BP_DropTarget_C_CHILDACTOR_3972
[2017.07.14-07.59.02:408][  0]LogSpawn:Warning: UWorld::DestroyActor: World has no context! World: testmap, Actor: /Game/testmap.testmap:PersistentLevel.DESTROYED_BP_DropTarget_C_CHILDACTOR_3973
[2017.07.14-07.59.02:408][  0]LogSpawn:Warning: UWorld::DestroyActor: World has no context! World: testmap, Actor: /Game/testmap.testmap:PersistentLevel.DESTROYED_BP_DropTarget_C_CHILDACTOR_3974
[2017.07.14-07.59.02:408][  0]LogSpawn:Warning: UWorld::DestroyActor: World has no context! World: testmap, Actor: /Game/testmap.testmap:PersistentLevel.DESTROYED_BP_DropTarget_C_CHILDACTOR_3975
[2017.07.14-07.59.02:408][  0]LogSpawn:Warning: UWorld::DestroyActor: World has no context! World: testmap, Actor: /Game/testmap.testmap:PersistentLevel.DESTROYED_BP_DropTarget_C_CHILDACTOR_3976
[2017.07.14-07.59.03:059][  0]LogAIModule: Creating AISystem for world testmap
[2017.07.14-07.59.03:395][  0]LogEditorServer: Finished looking for orphan Actors (0.000 secs)
[2017.07.14-07.59.03:395][  0]Cmd: MAP CHECKDEP NOCLEARLOG
[2017.07.14-07.59.03:472][  0]MapCheck: Info Map check complete: 0 Error(s), 0 Warning(s), took 76.329ms to complete.
[2017.07.14-07.59.03:472][  0]LogFileHelpers: Loading map 'testmap' took 7.645
[2017.07.14-07.59.03:540][  0]LogWindowsTextInputMethodSystem:Display: IME system now deactivated.
[2017.07.14-07.59.03:856][  0]LogCollectionManager: Loaded 0 collections in 0.016129 seconds
[2017.07.14-07.59.03:968][  0]LogFileCache: Scanning file cache for directory 'C:/Users/Liam/Documents/Unreal Projects/Pinball/Saved/Collections/' took 0.01s
[2017.07.14-07.59.03:968][  0]LogFileCache: Scanning file cache for directory 'C:/Users/Liam/Documents/Unreal Projects/Pinball/Content/Developers/Liam/Collections/' took 0.01s
[2017.07.14-07.59.03:968][  0]LogFileCache: Scanning file cache for directory 'C:/Users/Liam/Documents/Unreal Projects/Pinball/Content/Collections/' took 0.01s
[2017.07.14-07.59.03:968][  0]LogCollectionManager: Rebuilt the GUID cache for 0 collections in 0.000002 seconds
[2017.07.14-07.59.03:983][  0]LogContentBrowser: Native class hierarchy populated in 0.0139 seconds. Added 2280 classes and 459 folders.
[2017.07.14-07.59.04:093][  0]LogContentBrowser: Native class hierarchy updated for 'WidgetCarousel' in 0.0006 seconds. Added 0 classes and 0 folders.
[2017.07.14-07.59.05:585][  0]LogContentBrowser: Native class hierarchy updated for 'AddContentDialog' in 0.0009 seconds. Added 0 classes and 0 folders.
[2017.07.14-07.59.05:666][  0]LogContentBrowser: Native class hierarchy updated for 'SceneOutliner' in 0.0008 seconds. Added 1 classes and 2 folders.
[2017.07.14-07.59.05:905][  0]LogCrashTracker: Crashtracker disabled due to settings.
[2017.07.14-07.59.05:915][  0]LogUObjectGlobals:Warning: Failed to find object 'Class None.'
[2017.07.14-07.59.06:017][  0]LogContentBrowser: Native class hierarchy updated for 'HierarchicalLODOutliner' in 0.0009 seconds. Added 1 classes and 2 folders.
[2017.07.14-07.59.06:018][  0]LogLoad: (Engine Initialization) Total time: 35.70 seconds
[2017.07.14-07.59.06:018][  0]LogLoad: (Engine Initialization) Total Blueprint compile time: 0.52 seconds
[2017.07.14-07.59.06:018][  0]LogExternalProfiler: Found external profiler: VSPerf
[2017.07.14-07.59.06:018][  0]LogExternalProfiler: Using external profiler: VSPerf
[2017.07.14-07.59.06:027][  0]LogOcInput: OculusInput pre-init called
[2017.07.14-07.59.06:046][  0]LogContentStreaming: Texture pool size now 1000 MB
[2017.07.14-07.59.06:047][  0]LogSlate: Took 0.000331 seconds to synchronously load lazily loaded font '../../../Engine/Content/Slate/Fonts/Roboto-Regular.ttf' (155K)
[2017.07.14-07.59.06:051][  0]LogSlate: Took 0.000353 seconds to synchronously load lazily loaded font '../../../Engine/Content/Slate/Fonts/Roboto-Bold.ttf' (160K)
[2017.07.14-07.59.06:071][  0]LogSlate: Took 0.013563 seconds to synchronously load lazily loaded font '../../../Engine/Content/Editor/Slate/Fonts/FontAwesome.ttf' (139K)
[2017.07.14-07.59.06:447][  0]LogRenderer: Reallocating scene render targets to support 1208x580 NumSamples 1 (Frame:2).
[2017.07.14-07.59.06:526][  0]LogSlate: Took 0.017574 seconds to synchronously load lazily loaded font '../../../Engine/Content/Slate/Fonts/Roboto-Light.ttf' (159K)
[2017.07.14-07.59.06:643][  1]LogAssetRegistry: Asset discovery search completed in 24.7497 seconds
[2017.07.14-07.59.06:643][  1]LogCollectionManager: Rebuilt the object cache for 0 collections in 0.000009 seconds (found 0 objects)
[2017.07.14-07.59.06:643][  1]LogCollectionManager: Fixed up redirectors for 0 collections in 0.000030 seconds (updated 0 objects)
[2017.07.14-08.12.48:819][523]Cmd: QUIT_EDITOR
[2017.07.14-08.12.48:888][523]LogExit: Preparing to exit.
[2017.07.14-08.12.50:056][523]LogDirectoryWatcher: A directory notification for 'C:/Users/Liam/Documents/Unreal Projects/Pinball/Content/' was aborted.
[2017.07.14-08.12.50:082][523]LogHoudiniEngine: HAPI Synchronous Deletion of  Started. HoudiniAsset = 0x0, 
[2017.07.14-08.12.50:085][523]LogExit: Editor shut down
[2017.07.14-08.12.50:085][523]LogExit: Transaction tracking system shut down
[2017.07.14-08.12.50:157][523]LogObj: Freed 0b from 0 cluster array pools.
[2017.07.14-08.12.50:157][523]LogExit: Object subsystem successfully closed.
[2017.07.14-08.12.50:174][523]LogD3D11RHI: Shutdown
[2017.07.14-08.12.50:174][523]LogD3D11RHI: CleanupD3DDevice
[2017.07.14-08.12.50:277][523]LogD3D11RHI: ~FD3D11DynamicRHI
[2017.07.14-08.12.50:300][523]LogModuleManager: Shutting down and abandoning module HierarchicalLODOutliner (502)
[2017.07.14-08.12.50:300][523]LogModuleManager: Shutting down and abandoning module CrashTracker (500)
[2017.07.14-08.12.50:300][523]LogModuleManager: Shutting down and abandoning module SceneOutliner (498)
[2017.07.14-08.12.50:300][523]LogModuleManager: Shutting down and abandoning module AddContentDialog (496)
[2017.07.14-08.12.50:301][523]LogDirectoryWatcher: A directory notification for 'C:/Program Files/Epic Games/UE_4.15/FeaturePacks/' was aborted.
[2017.07.14-08.12.50:302][523]LogModuleManager: Shutting down and abandoning module WidgetCarousel (495)
[2017.07.14-08.12.50:302][523]LogModuleManager: Shutting down and abandoning module EditorWidgets (492)
[2017.07.14-08.12.50:302][523]LogModuleManager: Shutting down and abandoning module CollectionManager (490)
[2017.07.14-08.12.50:302][523]LogDirectoryWatcher: A directory notification for 'C:/Users/Liam/Documents/Unreal Projects/Pinball/Content/Collections/' was aborted.
[2017.07.14-08.12.50:302][523]LogDirectoryWatcher: A directory notification for 'C:/Users/Liam/Documents/Unreal Projects/Pinball/Content/Developers/Liam/Collections/' was aborted.
[2017.07.14-08.12.50:302][523]LogDirectoryWatcher: A directory notification for 'C:/Users/Liam/Documents/Unreal Projects/Pinball/Saved/Collections/' was aborted.
[2017.07.14-08.12.50:302][523]LogModuleManager: Shutting down and abandoning module StatsViewer (488)
[2017.07.14-08.12.50:302][523]LogModuleManager: Shutting down and abandoning module FoliageEdit (486)
[2017.07.14-08.12.50:302][523]LogModuleManager: Shutting down and abandoning module LandscapeEditor (484)
[2017.07.14-08.12.50:302][523]LogModuleManager: Shutting down and abandoning module SceneDepthPickerMode (482)
[2017.07.14-08.12.50:302][523]LogModuleManager: Shutting down and abandoning module ActorPickerMode (480)
[2017.07.14-08.12.50:302][523]LogModuleManager: Shutting down and abandoning module GeometryMode (478)
[2017.07.14-08.12.50:302][523]LogModuleManager: Shutting down and abandoning module TextureAlignMode (476)
[2017.07.14-08.12.50:302][523]LogModuleManager: Shutting down and abandoning module BspMode (474)
[2017.07.14-08.12.50:303][523]LogModuleManager: Shutting down and abandoning module HardwareSurvey (472)
[2017.07.14-08.12.50:303][523]LogModuleManager: Shutting down and abandoning module SequenceRecorderSections (470)
[2017.07.14-08.12.50:303][523]LogModuleManager: Shutting down and abandoning module AutomationWorker (468)
[2017.07.14-08.12.50:303][523]LogModuleManager: Shutting down and abandoning module HoudiniEngineEditor (466)
[2017.07.14-08.12.50:303][523]LogHoudiniEngineEditor: Shutting down the Houdini Engine Editor module.
[2017.07.14-08.12.50:303][523]LogModuleManager: Shutting down and abandoning module MatineeToLevelSequence (464)
[2017.07.14-08.12.50:303][523]LogModuleManager: Shutting down and abandoning module LevelSequenceEditor (462)
[2017.07.14-08.12.50:303][523]LogModuleManager: Shutting down and abandoning module PlacementMode (461)
[2017.07.14-08.12.50:303][523]LogModuleManager: Shutting down and abandoning module WmfMediaFactory (458)
[2017.07.14-08.12.50:303][523]LogModuleManager: Shutting down and abandoning module WmfMediaEditor (456)
[2017.07.14-08.12.50:303][523]LogModuleManager: Shutting down and abandoning module MfMediaFactory (454)
[2017.07.14-08.12.50:303][523]LogModuleManager: Shutting down and abandoning module MfMediaEditor (452)
[2017.07.14-08.12.50:303][523]LogModuleManager: Shutting down and abandoning module AvfMediaFactory (450)
[2017.07.14-08.12.50:303][523]LogModuleManager: Shutting down and abandoning module AvfMediaEditor (448)
[2017.07.14-08.12.50:303][523]LogModuleManager: Shutting down and abandoning module AndroidMediaFactory (446)
[2017.07.14-08.12.50:303][523]LogModuleManager: Shutting down and abandoning module Media (445)
[2017.07.14-08.12.50:303][523]LogModuleManager: Shutting down and abandoning module AndroidMediaEditor (442)
[2017.07.14-08.12.50:303][523]LogModuleManager: Shutting down and abandoning module CharacterAI (440)
[2017.07.14-08.12.50:303][523]LogModuleManager: Shutting down and abandoning module AudioCapture (438)
[2017.07.14-08.12.50:303][523]LogModuleManager: Shutting down and abandoning module SequenceRecorder (437)
[2017.07.14-08.12.50:303][523]LogModuleManager: Shutting down and abandoning module SmartSnapping (434)
[2017.07.14-08.12.50:303][523]LogModuleManager: Shutting down and abandoning module SessionServices (432)
[2017.07.14-08.12.50:303][523]LogModuleManager: Shutting down and abandoning module ViewportSnapping (430)
[2017.07.14-08.12.50:303][523]LogModuleManager: Shutting down and abandoning module ViewportInteraction (428)
[2017.07.14-08.12.50:303][523]LogModuleManager: Shutting down and abandoning module LogVisualizer (426)
[2017.07.14-08.12.50:303][523]LogModuleManager: Shutting down and abandoning module IntroTutorials (424)
[2017.07.14-08.12.50:303][523]LogModuleManager: Shutting down and abandoning module GameProjectGeneration (423)
[2017.07.14-08.12.50:303][523]LogModuleManager: Shutting down and abandoning module EditorLiveStreaming (420)
[2017.07.14-08.12.50:303][523]LogModuleManager: Shutting down and abandoning module IOSPlatformEditor (418)
[2017.07.14-08.12.50:303][523]LogModuleManager: Shutting down and abandoning module HTML5PlatformEditor (416)
[2017.07.14-08.12.50:303][523]LogModuleManager: Shutting down and abandoning module AndroidPlatformEditor (414)
[2017.07.14-08.12.50:303][523]LogModuleManager: Shutting down and abandoning module AndroidDeviceDetection (413)
[2017.07.14-08.12.50:404][523]LogModuleManager: Shutting down and abandoning module IOSRuntimeSettings (410)
[2017.07.14-08.12.50:404][523]LogModuleManager: Shutting down and abandoning module AndroidRuntimeSettings (408)
[2017.07.14-08.12.50:404][523]LogModuleManager: Shutting down and abandoning module InputBindingEditor (406)
[2017.07.14-08.12.50:404][523]LogModuleManager: Shutting down and abandoning module NiagaraEditor (404)
[2017.07.14-08.12.50:404][523]LogModuleManager: Shutting down and abandoning module MergeActors (402)
[2017.07.14-08.12.50:404][523]LogModuleManager: Shutting down and abandoning module SizeMap (400)
[2017.07.14-08.12.50:404][523]LogModuleManager: Shutting down and abandoning module TreeMap (398)
[2017.07.14-08.12.50:404][523]LogModuleManager: Shutting down and abandoning module ReferenceViewer (396)
[2017.07.14-08.12.50:404][523]LogModuleManager: Shutting down and abandoning module LocalizationDashboard (394)
[2017.07.14-08.12.50:404][523]LogModuleManager: Shutting down and abandoning module LocalizationService (393)
[2017.07.14-08.12.50:404][523]LogModuleManager: Shutting down and abandoning module HardwareTargeting (390)
[2017.07.14-08.12.50:404][523]LogModuleManager: Shutting down and abandoning module DeviceProfileEditor (388)
[2017.07.14-08.12.50:404][523]LogModuleManager: Shutting down and abandoning module UndoHistory (386)
[2017.07.14-08.12.50:404][523]LogModuleManager: Shutting down and abandoning module UserFeedback (384)
[2017.07.14-08.12.50:404][523]LogModuleManager: Shutting down and abandoning module XmlParser (382)
[2017.07.14-08.12.50:404][523]LogModuleManager: Shutting down and abandoning module Blutility (380)
[2017.07.14-08.12.50:404][523]LogModuleManager: Shutting down and abandoning module ProjectSettingsViewer (378)
[2017.07.14-08.12.50:404][523]LogModuleManager: Shutting down and abandoning module ProjectTargetPlatformEditor (377)
[2017.07.14-08.12.50:404][523]LogModuleManager: Shutting down and abandoning module EditorSettingsViewer (374)
[2017.07.14-08.12.50:404][523]LogModuleManager: Shutting down and abandoning module SettingsEditor (372)
[2017.07.14-08.12.50:404][523]LogModuleManager: Shutting down and abandoning module ProjectLauncher (370)
[2017.07.14-08.12.50:404][523]LogModuleManager: Shutting down and abandoning module SessionFrontend (368)
[2017.07.14-08.12.50:404][523]LogModuleManager: Shutting down and abandoning module ProfilerClient (366)
[2017.07.14-08.12.50:404][523]LogModuleManager: Shutting down and abandoning module DeviceManager (364)
[2017.07.14-08.12.50:404][523]LogModuleManager: Shutting down and abandoning module TargetDeviceServices (363)
[2017.07.14-08.12.50:447][523]LogModuleManager: Shutting down and abandoning module AutomationController (360)
[2017.07.14-08.12.50:447][523]LogModuleManager: Shutting down and abandoning module AutomationWindow (358)
[2017.07.14-08.12.50:447][523]LogModuleManager: Shutting down and abandoning module Layers (356)
[2017.07.14-08.12.50:447][523]LogModuleManager: Shutting down and abandoning module ComponentVisualizers (354)
[2017.07.14-08.12.50:447][523]LogModuleManager: Shutting down and abandoning module DetailCustomizations (352)
[2017.07.14-08.12.50:447][523]LogModuleManager: Shutting down and abandoning module PackagesDialog (350)
[2017.07.14-08.12.50:447][523]LogModuleManager: Shutting down and abandoning module Persona (348)
[2017.07.14-08.12.50:447][523]LogModuleManager: Shutting down and abandoning module AnimGraph (347)
[2017.07.14-08.12.50:447][523]LogModuleManager: Shutting down and abandoning module Kismet (344)
[2017.07.14-08.12.50:448][523]LogModuleManager: Shutting down and abandoning module GraphEditor (342)
[2017.07.14-08.12.50:449][523]LogModuleManager: Shutting down and abandoning module ClassViewer (340)
[2017.07.14-08.12.50:449][523]LogModuleManager: Shutting down and abandoning module Toolbox (338)
[2017.07.14-08.12.50:449][523]LogModuleManager: Shutting down and abandoning module ModuleUI (336)
[2017.07.14-08.12.50:449][523]LogModuleManager: Shutting down and abandoning module MovieSceneTools (334)
[2017.07.14-08.12.50:449][523]LogModuleManager: Shutting down and abandoning module OutputLog (332)
[2017.07.14-08.12.50:449][523]LogModuleManager: Shutting down and abandoning module GammaUI (330)
[2017.07.14-08.12.50:449][523]LogModuleManager: Shutting down and abandoning module Documentation (328)
[2017.07.14-08.12.50:449][523]LogModuleManager: Shutting down and abandoning module Niagara (326)
[2017.07.14-08.12.50:449][523]LogModuleManager: Shutting down and abandoning module StreamingPauseRendering (324)
[2017.07.14-08.12.50:449][523]LogModuleManager: Shutting down and abandoning module AnalyticsET (322)
[2017.07.14-08.12.50:449][523]LogModuleManager: Shutting down and abandoning module PortalServices (320)
[2017.07.14-08.12.50:449][523]LogModuleManager: Shutting down and abandoning module PortalRpc (318)
[2017.07.14-08.12.50:449][523]LogModuleManager: Shutting down and abandoning module MessagingRpc (316)
[2017.07.14-08.12.50:449][523]LogModuleManager: Shutting down and abandoning module AIModule (314)
[2017.07.14-08.12.50:449][523]LogModuleManager: Shutting down and abandoning module GameplayDebugger (313)
[2017.07.14-08.12.50:449][523]LogModuleManager: Shutting down and abandoning module AITestSuite (311)
[2017.07.14-08.12.50:449][523]LogModuleManager: Shutting down and abandoning module ProfilerService (308)
[2017.07.14-08.12.50:619][523]LogModuleManager: Shutting down and abandoning module TaskGraph (306)
[2017.07.14-08.12.50:619][523]LogModuleManager: Shutting down and abandoning module SteamVRController (304)
[2017.07.14-08.12.50:619][523]LogModuleManager: Shutting down and abandoning module SteamVR (302)
[2017.07.14-08.12.50:619][523]LogModuleManager: Shutting down and abandoning module ProceduralMeshComponentEditor (300)
[2017.07.14-08.12.50:619][523]LogModuleManager: Shutting down and abandoning module ProceduralMeshComponent (298)
[2017.07.14-08.12.50:619][523]LogModuleManager: Shutting down and abandoning module OculusLibrary (296)
[2017.07.14-08.12.50:619][523]LogModuleManager: Shutting down and abandoning module OculusInput (294)
[2017.07.14-08.12.50:619][523]LogModuleManager: Shutting down and abandoning module MobilePatchingUtils (292)
[2017.07.14-08.12.50:619][523]LogModuleManager: Shutting down and abandoning module HoudiniEngineRuntime (290)
[2017.07.14-08.12.50:619][523]LogHoudiniEngine: Shutting down the Houdini Engine module.
[2017.07.14-08.12.50:621][523]LogModuleManager: Shutting down and abandoning module CustomMeshComponent (288)
[2017.07.14-08.12.50:622][523]LogModuleManager: Shutting down and abandoning module CableComponent (286)
[2017.07.14-08.12.50:622][523]LogModuleManager: Shutting down and abandoning module ArchVisCharacter (284)
[2017.07.14-08.12.50:622][523]LogModuleManager: Shutting down and abandoning module MediaPlayerEditor (280)
[2017.07.14-08.12.50:622][523]LogModuleManager: Shutting down and abandoning module HTML5Networking (278)
[2017.07.14-08.12.50:622][523]LogModuleManager: Shutting down and abandoning module AlembicImporter (276)
[2017.07.14-08.12.50:622][523]LogModuleManager: Shutting down and abandoning module AlembicLibrary (275)
[2017.07.14-08.12.50:622][523]LogModuleManager: Shutting down and abandoning module GeometryCache (274)
[2017.07.14-08.12.50:622][523]LogModuleManager: Shutting down and abandoning module GeometryCacheEd (273)
[2017.07.14-08.12.50:622][523]LogModuleManager: Shutting down and abandoning module SuperSearchEditor (268)
[2017.07.14-08.12.50:622][523]LogModuleManager: Shutting down and abandoning module SuperSearch (267)
[2017.07.14-08.12.50:622][523]LogModuleManager: Shutting down and abandoning module SpeedTreeImporter (264)
[2017.07.14-08.12.50:622][523]LogModuleManager: Shutting down and abandoning module PluginBrowser (262)
[2017.07.14-08.12.50:622][523]LogModuleManager: Shutting down and abandoning module MobileLauncherProfileWizard (260)
[2017.07.14-08.12.50:622][523]LogModuleManager: Shutting down and abandoning module EpicSurvey (258)
[2017.07.14-08.12.50:622][523]LogModuleManager: Shutting down and abandoning module VisualStudioSourceCodeAccess (256)
[2017.07.14-08.12.50:622][523]LogModuleManager: Shutting down and abandoning module DesktopPlatform (255)
[2017.07.14-08.12.50:622][523]LogModuleManager: Shutting down and abandoning module UObjectPlugin (252)
[2017.07.14-08.12.50:622][523]LogModuleManager: Shutting down and abandoning module SubversionSourceControl (250)
[2017.07.14-08.12.50:622][523]LogModuleManager: Shutting down and abandoning module PerforceSourceControl (248)
[2017.07.14-08.12.50:622][523]LogModuleManager: Shutting down and abandoning module GitSourceControl (246)
[2017.07.14-08.12.50:622][523]LogModuleManager: Shutting down and abandoning module SourceControl (245)
[2017.07.14-08.12.50:622][523]LogModuleManager: Shutting down and abandoning module LightPropagationVolumeEditor (242)
[2017.07.14-08.12.50:622][523]LogModuleManager: Shutting down and abandoning module PaperTiledImporter (240)
[2017.07.14-08.12.50:622][523]LogModuleManager: Shutting down and abandoning module PaperSpriteSheetImporter (238)
[2017.07.14-08.12.50:622][523]LogModuleManager: Shutting down and abandoning module Paper2DEditor (236)
[2017.07.14-08.12.50:622][523]LogModuleManager: Shutting down and abandoning module MeshPaint (235)
[2017.07.14-08.12.50:622][523]LogModuleManager: Shutting down and abandoning module LevelEditor (233)
[2017.07.14-08.12.50:623][523]LogModuleManager: Shutting down and abandoning module PixelInspectorModule (232)
[2017.07.14-08.12.50:623][523]LogModuleManager: Shutting down and abandoning module MainFrame (230)
[2017.07.14-08.12.50:623][523]LogModuleManager: Shutting down and abandoning module HotReload (229)
[2017.07.14-08.12.50:624][523]LogModuleManager: Shutting down and abandoning module ContentBrowser (225)
[2017.07.14-08.12.50:625][523]LogModuleManager: Shutting down and abandoning module PhysXVehiclesEditor (222)
[2017.07.14-08.12.50:625][523]LogModuleManager: Shutting down and abandoning module PhysXVehicles (220)
[2017.07.14-08.12.50:625][523]LogModuleManager: Shutting down and abandoning module LocationServicesBPLibrary (218)
[2017.07.14-08.12.50:625][523]LogModuleManager: Shutting down and abandoning module UdpMessaging (216)
[2017.07.14-08.12.50:725][523]LogModuleManager: Shutting down and abandoning module TcpMessaging (214)
[2017.07.14-08.12.50:876][523]LogModuleManager: Shutting down and abandoning module GameplayTagsEditor (212)
[2017.07.14-08.12.50:876][523]LogModuleManager: Shutting down and abandoning module FacialAnimationEditor (210)
[2017.07.14-08.12.50:876][523]LogModuleManager: Shutting down and abandoning module FacialAnimation (208)
[2017.07.14-08.12.50:876][523]LogModuleManager: Shutting down and abandoning module LightPropagationVolumeRuntime (206)
[2017.07.14-08.12.50:876][523]LogModuleManager: Shutting down and abandoning module Paper2D (204)
[2017.07.14-08.12.50:876][523]LogModuleManager: Shutting down and abandoning module WindowsMoviePlayer (202)
[2017.07.14-08.12.50:876][523]LogModuleManager: Shutting down and abandoning module WmfMedia (200)
[2017.07.14-08.12.50:876][523]LogModuleManager: Shutting down and abandoning module MfMedia (198)
[2017.07.14-08.12.50:876][523]LogModuleManager: Shutting down and abandoning module MediaAssets (196)
[2017.07.14-08.12.50:876][523]LogModuleManager: Shutting down and abandoning module GameLiveStreaming (194)
[2017.07.14-08.12.50:876][523]LogModuleManager: Shutting down and abandoning module VREditor (192)
[2017.07.14-08.12.50:876][523]LogModuleManager: Shutting down and abandoning module GameplayTasksEditor (190)
[2017.07.14-08.12.50:876][523]LogModuleManager: Shutting down and abandoning module BehaviorTreeEditor (188)
[2017.07.14-08.12.50:876][523]LogModuleManager: Shutting down and abandoning module FunctionalTesting (186)
[2017.07.14-08.12.50:876][523]LogModuleManager: Shutting down and abandoning module CollisionAnalyzer (184)
[2017.07.14-08.12.50:876][523]LogModuleManager: Shutting down and abandoning module UMG (182)
[2017.07.14-08.12.50:876][523]LogModuleManager: Shutting down and abandoning module UMGEditor (181)
[2017.07.14-08.12.50:876][523]LogModuleManager: Shutting down and abandoning module Sequencer (180)
[2017.07.14-08.12.50:876][523]LogModuleManager: Shutting down and abandoning module AssetTools (178)
[2017.07.14-08.12.50:876][523]LogModuleManager: Shutting down and abandoning module MessageLog (177)
[2017.07.14-08.12.50:876][523]LogModuleManager: Shutting down and abandoning module WorkspaceMenuStructure (176)
[2017.07.14-08.12.50:876][523]LogModuleManager: Shutting down and abandoning module SlateReflector (170)
[2017.07.14-08.12.50:876][523]LogModuleManager: Shutting down and abandoning module Slate (168)
[2017.07.14-08.12.50:876][523]LogModuleManager: Shutting down and abandoning module EditorStyle (166)
[2017.07.14-08.12.50:879][523]LogModuleManager: Shutting down and abandoning module SourceCodeAccess (164)
[2017.07.14-08.12.50:879][523]LogModuleManager: Shutting down and abandoning module HeadMountedDisplay (162)
[2017.07.14-08.12.50:879][523]LogModuleManager: Shutting down and abandoning module XAudio2 (160)
[2017.07.14-08.12.50:879][523]LogModuleManager: Shutting down and abandoning module Networking (158)
[2017.07.14-08.12.50:879][523]LogModuleManager: Shutting down and abandoning module Core (154)
[2017.07.14-08.12.50:879][523]LogModuleManager: Shutting down and abandoning module AssetRegistry (152)
[2017.07.14-08.12.51:025][523]LogDirectoryWatcher: A directory notification for '../../../Engine/Content/' was aborted.
[2017.07.14-08.12.51:025][523]LogDirectoryWatcher: A directory notification for '../../../../../../Users/Liam/Documents/Unreal Projects/Pinball/Content/' was aborted.
[2017.07.14-08.12.51:025][523]LogDirectoryWatcher: A directory notification for '../../../Engine/Plugins/2D/Paper2D/Content/' was aborted.
[2017.07.14-08.12.51:025][523]LogDirectoryWatcher: A directory notification for '../../../Engine/Plugins/Runtime/HoudiniEngine/Content/' was aborted.
[2017.07.14-08.12.51:025][523]LogModuleManager: Shutting down and abandoning module DirectoryWatcher (151)
[2017.07.14-08.12.51:029][523]LogModuleManager: Shutting down and abandoning module KismetCompiler (148)
[2017.07.14-08.12.51:029][523]LogModuleManager: Shutting down and abandoning module PhysXFormats (146)
[2017.07.14-08.12.51:029][523]LogModuleManager: Shutting down and abandoning module MeshUtilities (144)
[2017.07.14-08.12.51:029][523]LogModuleManager: Shutting down and abandoning module SimplygonSwarm (143)
[2017.07.14-08.12.51:029][523]LogModuleManager: Shutting down and abandoning module SimplygonMeshReduction (141)
[2017.07.14-08.12.51:029][523]LogModuleManager: Shutting down and abandoning module QuadricMeshReduction (139)
[2017.07.14-08.12.51:029][523]LogModuleManager: Shutting down and abandoning module PropertyEditor (137)
[2017.07.14-08.12.51:029][523]LogModuleManager: Shutting down and abandoning module DerivedDataCache (134)
[2017.07.14-08.12.51:079][523]LogDerivedDataCache: Shutdown
[2017.07.14-08.12.51:079][523]LogModuleManager: Shutting down and abandoning module TargetPlatform (132)
[2017.07.14-08.12.51:079][523]LogModuleManager: Shutting down and abandoning module VulkanShaderFormat (131)
[2017.07.14-08.12.51:079][523]LogModuleManager: Shutting down and abandoning module ShaderFormatOpenGL (129)
[2017.07.14-08.12.51:079][523]LogModuleManager: Shutting down and abandoning module ShaderFormatD3D (127)
[2017.07.14-08.12.51:079][523]LogModuleManager: Shutting down and abandoning module MetalShaderFormat (125)
[2017.07.14-08.12.51:079][523]LogModuleManager: Shutting down and abandoning module TextureFormatUncompressed (123)
[2017.07.14-08.12.51:079][523]LogModuleManager: Shutting down and abandoning module TextureFormatPVR (121)
[2017.07.14-08.12.51:079][523]LogModuleManager: Shutting down and abandoning module TextureFormatDXT (119)
[2017.07.14-08.12.51:079][523]LogModuleManager: Shutting down and abandoning module TextureFormatIntelISPCTexComp (117)
[2017.07.14-08.12.51:079][523]LogModuleManager: Shutting down and abandoning module TextureFormatASTC (115)
[2017.07.14-08.12.51:079][523]LogModuleManager: Shutting down and abandoning module ImageWrapper (114)
[2017.07.14-08.12.51:079][523]LogModuleManager: Shutting down and abandoning module TextureFormatAndroid (111)
[2017.07.14-08.12.51:079][523]LogModuleManager: Shutting down and abandoning module AudioFormatOpus (109)
[2017.07.14-08.12.51:079][523]LogModuleManager: Shutting down and abandoning module AudioFormatOgg (107)
[2017.07.14-08.12.51:079][523]LogModuleManager: Shutting down and abandoning module AudioFormatADPCM (105)
[2017.07.14-08.12.51:079][523]LogModuleManager: Shutting down and abandoning module LinuxTargetPlatform (103)
[2017.07.14-08.12.51:079][523]LogModuleManager: Shutting down and abandoning module LinuxServerTargetPlatform (101)
[2017.07.14-08.12.51:079][523]LogModuleManager: Shutting down and abandoning module LinuxNoEditorTargetPlatform (99)
[2017.07.14-08.12.51:079][523]LogModuleManager: Shutting down and abandoning module LinuxClientTargetPlatform (97)
[2017.07.14-08.12.51:079][523]LogModuleManager: Shutting down and abandoning module TVOSTargetPlatform (95)
[2017.07.14-08.12.51:079][523]LogModuleManager: Shutting down and abandoning module Messaging (93)
[2017.07.14-08.12.51:079][523]LogModuleManager: Shutting down and abandoning module IOSTargetPlatform (91)
[2017.07.14-08.12.51:079][523]LogModuleManager: Shutting down and abandoning module HTML5TargetPlatform (89)
[2017.07.14-08.12.51:079][523]LogModuleManager: Shutting down and abandoning module Android_PVRTCTargetPlatform (87)
[2017.07.14-08.12.51:079][523]LogModuleManager: Shutting down and abandoning module Android_MultiTargetPlatform (85)
[2017.07.14-08.12.51:079][523]LogModuleManager: Shutting down and abandoning module Android_ETC2TargetPlatform (83)
[2017.07.14-08.12.51:079][523]LogModuleManager: Shutting down and abandoning module Android_ETC1TargetPlatform (81)
[2017.07.14-08.12.51:079][523]LogModuleManager: Shutting down and abandoning module Android_DXTTargetPlatform (79)
[2017.07.14-08.12.51:079][523]LogModuleManager: Shutting down and abandoning module Android_ATCTargetPlatform (77)
[2017.07.14-08.12.51:079][523]LogModuleManager: Shutting down and abandoning module Android_ASTCTargetPlatform (75)
[2017.07.14-08.12.51:079][523]LogModuleManager: Shutting down and abandoning module AndroidTargetPlatform (73)
[2017.07.14-08.12.51:079][523]LogModuleManager: Shutting down and abandoning module WindowsTargetPlatform (71)
[2017.07.14-08.12.51:079][523]LogModuleManager: Shutting down and abandoning module WindowsServerTargetPlatform (69)
[2017.07.14-08.12.51:079][523]LogModuleManager: Shutting down and abandoning module WindowsNoEditorTargetPlatform (67)
[2017.07.14-08.12.51:079][523]LogModuleManager: Shutting down and abandoning module WindowsClientTargetPlatform (65)
[2017.07.14-08.12.51:079][523]LogModuleManager: Shutting down and abandoning module MacTargetPlatform (63)
[2017.07.14-08.12.51:079][523]LogModuleManager: Shutting down and abandoning module MacServerTargetPlatform (61)
[2017.07.14-08.12.51:079][523]LogModuleManager: Shutting down and abandoning module MacNoEditorTargetPlatform (59)
[2017.07.14-08.12.51:079][523]LogModuleManager: Shutting down and abandoning module MacClientTargetPlatform (57)
[2017.07.14-08.12.51:079][523]LogModuleManager: Shutting down and abandoning module AllDesktopTargetPlatform (55)
[2017.07.14-08.12.51:079][523]LogModuleManager: Shutting down and abandoning module InputCore (52)
[2017.07.14-08.12.51:079][523]LogModuleManager: Shutting down and abandoning module Settings (50)
[2017.07.14-08.12.51:079][523]LogModuleManager: Shutting down and abandoning module OculusRift (48)
[2017.07.14-08.12.51:079][523]LogModuleManager: Shutting down and abandoning module GearVR (46)
[2017.07.14-08.12.51:079][523]LogModuleManager: Shutting down and abandoning module ExampleDeviceProfileSelector (44)
[2017.07.14-08.12.51:079][523]LogModuleManager: Shutting down and abandoning module OnlineBlueprintSupport (42)
[2017.07.14-08.12.51:079][523]LogModuleManager: Shutting down and abandoning module OnlineSubsystem (38)
[2017.07.14-08.12.51:079][523]LogOnline:Display: Unloading online subsystem: NULL
[2017.07.14-08.12.51:079][523]LogModuleManager: Shutting down and abandoning module XMPP (37)
[2017.07.14-08.12.51:079][523]LogModuleManager: Shutting down and abandoning module HTTP (35)
[2017.07.14-08.12.51:079][523]LogHttp:Display: Http module shutting down, but needs to wait on 1 outstanding Http requests:
[2017.07.14-08.12.51:079][523]LogHttp:Display: 	verb=[POST] url=[https://datarouter.ol.epicgames.com/datarouter/api/v1/public/data?SessionID=%7B4D73C914-4428-C296-03A2-6CBCB42F248F%7D&AppID=UEEditor.Rocket.Release&AppVersion=4.15.3-3450819%2B%2B%2BUE4%2BRelease-4.15&UserID=3c53aeb14f8381cf589af9a05a045162%7C191bcd9e71e141a7a207a951597e632a%7C6892023d-28ec-4f87-8958-26e7706dbce6&AppEnvironment=datacollector-binary&UploadType=eteventstream] status=Processing
[2017.07.14-08.12.51:096][523]LogModuleManager: Shutting down and abandoning module SSL (34)
[2017.07.14-08.12.51:098][523]LogModuleManager: Shutting down and abandoning module AudioEditor (30)
[2017.07.14-08.12.51:098][523]LogModuleManager: Shutting down and abandoning module TextureCompressor (28)
[2017.07.14-08.12.51:098][523]LogModuleManager: Shutting down and abandoning module ShaderCore (26)
[2017.07.14-08.12.51:098][523]LogModuleManager: Shutting down and abandoning module Landscape (24)
[2017.07.14-08.12.51:098][523]LogModuleManager: Shutting down and abandoning module SlateRHIRenderer (22)
[2017.07.14-08.12.51:099][523]LogModuleManager: Shutting down and abandoning module OpenGLDrv (20)
[2017.07.14-08.12.51:099][523]LogModuleManager: Shutting down and abandoning module D3D11RHI (18)
[2017.07.14-08.12.51:099][523]LogModuleManager: Shutting down and abandoning module AnimGraphRuntime (16)
[2017.07.14-08.12.51:099][523]LogModuleManager: Shutting down and abandoning module Renderer (14)
[2017.07.14-08.12.51:099][523]LogModuleManager: Shutting down and abandoning module Engine (12)
[2017.07.14-08.12.51:099][523]LogModuleManager: Shutting down and abandoning module CoreUObject (10)
[2017.07.14-08.12.51:099][523]LogModuleManager: Shutting down and abandoning module NetworkFile (8)
[2017.07.14-08.12.51:099][523]LogModuleManager: Shutting down and abandoning module StreamingFile (6)
[2017.07.14-08.12.51:099][523]LogModuleManager: Shutting down and abandoning module SandboxFile (4)
[2017.07.14-08.12.51:099][523]LogModuleManager: Shutting down and abandoning module PakFile (2)
[2017.07.14-08.12.51:103][523]LogExit: Exiting.
[2017.07.14-08.12.51:105][523]Log file closed, 07/14/17 01:12:51
